<?xml version="1.0" encoding="UTF-8"?>
<!-- Generated by org.testng.reporters.JUnitReportReporter -->
<testsuite hostname="PC1490" name="com.dts.adminportal.partner.test.PartnerProduct051PAccessoryEdit" tests="22" failures="0" timestamp="18 Mar 2018 17:57:24 GMT" time="3011.584" errors="1">
  <testcase name="TC051PAE_11" time="119.562" classname="com.dts.adminportal.partner.test.PartnerProduct051PAccessoryEdit"/>
  <testcase name="TC051PAE_07" time="73.943" classname="com.dts.adminportal.partner.test.PartnerProduct051PAccessoryEdit"/>
  <testcase name="TC051PAE_14" time="96.805" classname="com.dts.adminportal.partner.test.PartnerProduct051PAccessoryEdit"/>
  <testcase name="TC051PAE_06" time="68.082" classname="com.dts.adminportal.partner.test.PartnerProduct051PAccessoryEdit"/>
  <testcase name="TC051PAE_12" time="179.184" classname="com.dts.adminportal.partner.test.PartnerProduct051PAccessoryEdit"/>
  <testcase name="TC051PAE_21" time="253.542" classname="com.dts.adminportal.partner.test.PartnerProduct051PAccessoryEdit"/>
  <testcase name="TC051PAE_02" time="60.635" classname="com.dts.adminportal.partner.test.PartnerProduct051PAccessoryEdit"/>
  <testcase name="TC051PAE_13" time="248.797" classname="com.dts.adminportal.partner.test.PartnerProduct051PAccessoryEdit"/>
  <testcase name="TC051PAE_05" time="235.590" classname="com.dts.adminportal.partner.test.PartnerProduct051PAccessoryEdit"/>
  <testcase name="TC051PAE_09" time="229.671" classname="com.dts.adminportal.partner.test.PartnerProduct051PAccessoryEdit"/>
  <testcase name="TC051PAE_22" time="104.474" classname="com.dts.adminportal.partner.test.PartnerProduct051PAccessoryEdit"/>
  <testcase name="TC051PAE_17" time="118.137" classname="com.dts.adminportal.partner.test.PartnerProduct051PAccessoryEdit"/>
  <testcase name="TC051PAE_04" time="41.832" classname="com.dts.adminportal.partner.test.PartnerProduct051PAccessoryEdit"/>
  <testcase name="TC051PAE_19" time="34.511" classname="com.dts.adminportal.partner.test.PartnerProduct051PAccessoryEdit"/>
  <testcase name="TC051PAE_16" time="54.637" classname="com.dts.adminportal.partner.test.PartnerProduct051PAccessoryEdit"/>
  <testcase name="TC051PAE_18" time="233.401" classname="com.dts.adminportal.partner.test.PartnerProduct051PAccessoryEdit"/>
  <testcase name="TC051PAE_20" time="226.716" classname="com.dts.adminportal.partner.test.PartnerProduct051PAccessoryEdit"/>
  <testcase name="TC051PAE_10" time="150.405" classname="com.dts.adminportal.partner.test.PartnerProduct051PAccessoryEdit"/>
  <testcase name="TC051PAE_01" time="55.730" classname="com.dts.adminportal.partner.test.PartnerProduct051PAccessoryEdit"/>
  <testcase name="TC051PAE_03" time="314.800" classname="com.dts.adminportal.partner.test.PartnerProduct051PAccessoryEdit"/>
  <testcase name="TC051PAE_08" time="34.119" classname="com.dts.adminportal.partner.test.PartnerProduct051PAccessoryEdit"/>
  <testcase name="TC051PAE_15" time="77.011" classname="com.dts.adminportal.partner.test.PartnerProduct051PAccessoryEdit">
    <error type="java.lang.NullPointerException">
      <![CDATA[java.lang.NullPointerException
	at com.dts.adminportal.controller.ProductController.clickImage(ProductController.java:508)
	at com.dts.adminportal.partner.test.PartnerProduct051PAccessoryEdit.TC051PAE_15(PartnerProduct051PAccessoryEdit.java:929)
	at sun.reflect.NativeMethodAccessorImpl.invoke0(Native Method)
	at sun.reflect.NativeMethodAccessorImpl.invoke(Unknown Source)
	at sun.reflect.DelegatingMethodAccessorImpl.invoke(Unknown Source)
	at java.lang.reflect.Method.invoke(Unknown Source)
	at org.testng.internal.MethodInvocationHelper.invokeMethod(MethodInvocationHelper.java:85)
	at org.testng.internal.Invoker.invokeMethod(Invoker.java:639)
	at org.testng.internal.Invoker.invokeTestMethod(Invoker.java:816)
	at org.testng.internal.Invoker.invokeTestMethods(Invoker.java:1124)
	at org.testng.internal.TestMethodWorker.invokeTestMethods(TestMethodWorker.java:125)
	at org.testng.internal.TestMethodWorker.run(TestMethodWorker.java:108)
	at org.testng.TestRunner.privateRun(TestRunner.java:774)
	at org.testng.TestRunner.run(TestRunner.java:624)
	at org.testng.SuiteRunner.runTest(SuiteRunner.java:359)
	at org.testng.SuiteRunner.runSequentially(SuiteRunner.java:354)
	at org.testng.SuiteRunner.privateRun(SuiteRunner.java:312)
	at org.testng.SuiteRunner.run(SuiteRunner.java:261)
	at org.testng.SuiteRunnerWorker.runSuite(SuiteRunnerWorker.java:52)
	at org.testng.SuiteRunnerWorker.run(SuiteRunnerWorker.java:86)
	at org.testng.TestNG.runSuitesSequentially(TestNG.java:1191)
	at org.testng.TestNG.runSuitesLocally(TestNG.java:1116)
	at org.testng.TestNG.run(TestNG.java:1024)
	at org.testng.remote.AbstractRemoteTestNG.run(AbstractRemoteTestNG.java:132)
	at org.testng.remote.RemoteTestNG.initAndRun(RemoteTestNG.java:230)
	at org.testng.remote.RemoteTestNG.main(RemoteTestNG.java:76)
]]>
    </error>
  </testcase> <!-- TC051PAE_15 -->
</testsuite> <!-- com.dts.adminportal.partner.test.PartnerProduct051PAccessoryEdit -->
