<?xml version="1.0" encoding="UTF-8"?>
<!-- Generated by org.testng.reporters.JUnitReportReporter -->
<testsuite hostname="COMWSMSW0220" name="com.dts.adminportal.dts.test.DTSAppsDevices640DDeviceDetail" tests="1" failures="0" timestamp="3 Nov 2017 10:10:06 GMT" time="112.084" errors="0">
  <testcase name="TC640DADD_95" time="112.084" classname="com.dts.adminportal.dts.test.DTSAppsDevices640DDeviceDetail"/>
</testsuite> <!-- com.dts.adminportal.dts.test.DTSAppsDevices640DDeviceDetail -->
