<?xml version="1.0" encoding="UTF-8"?>
<!-- Generated by org.testng.reporters.JUnitReportReporter -->
<testsuite hostname="PC1490" name="com.dts.adminportal.dts.test.DTSCompanies060DCompaniesList" tests="12" failures="0" timestamp="18 Mar 2018 17:57:25 GMT" time="1982.283" errors="0">
  <testcase name="TC060DCL_10" time="572.738" classname="com.dts.adminportal.dts.test.DTSCompanies060DCompaniesList"/>
  <testcase name="TC060DCL_06" time="39.485" classname="com.dts.adminportal.dts.test.DTSCompanies060DCompaniesList"/>
  <testcase name="TC060DCL_11" time="335.797" classname="com.dts.adminportal.dts.test.DTSCompanies060DCompaniesList"/>
  <testcase name="TC060DCL_04" time="37.904" classname="com.dts.adminportal.dts.test.DTSCompanies060DCompaniesList"/>
  <testcase name="TC060DCL_01" time="33.785" classname="com.dts.adminportal.dts.test.DTSCompanies060DCompaniesList"/>
  <testcase name="TC060DCL_05" time="38.032" classname="com.dts.adminportal.dts.test.DTSCompanies060DCompaniesList"/>
  <testcase name="TC060DCL_12" time="214.961" classname="com.dts.adminportal.dts.test.DTSCompanies060DCompaniesList"/>
  <testcase name="TC060DCL_07" time="37.987" classname="com.dts.adminportal.dts.test.DTSCompanies060DCompaniesList"/>
  <testcase name="TC060DCL_09" time="430.168" classname="com.dts.adminportal.dts.test.DTSCompanies060DCompaniesList"/>
  <testcase name="TC060DCL_13" time="71.694" classname="com.dts.adminportal.dts.test.DTSCompanies060DCompaniesList"/>
  <testcase name="TC060DCL_08" time="41.371" classname="com.dts.adminportal.dts.test.DTSCompanies060DCompaniesList"/>
  <testcase name="TC060DCL_14" time="128.361" classname="com.dts.adminportal.dts.test.DTSCompanies060DCompaniesList"/>
</testsuite> <!-- com.dts.adminportal.dts.test.DTSCompanies060DCompaniesList -->
