<?xml version="1.0" encoding="UTF-8"?>
<!-- Generated by org.testng.reporters.JUnitReportReporter -->
<testsuite hostname="PC1490" name="com.dts.adminportal.dts.test.DTSUser090DUserInfo" tests="6" failures="0" timestamp="18 Mar 2018 17:57:25 GMT" time="1204.365" errors="0">
  <testcase name="TC090DUI_03" time="212.352" classname="com.dts.adminportal.dts.test.DTSUser090DUserInfo"/>
  <testcase name="TC090DUI_06" time="141.570" classname="com.dts.adminportal.dts.test.DTSUser090DUserInfo"/>
  <testcase name="TC090DUI_10" time="101.527" classname="com.dts.adminportal.dts.test.DTSUser090DUserInfo"/>
  <testcase name="TC090DUI_05" time="205.282" classname="com.dts.adminportal.dts.test.DTSUser090DUserInfo"/>
  <testcase name="TC090DUI_01" time="117.311" classname="com.dts.adminportal.dts.test.DTSUser090DUserInfo"/>
  <testcase name="TC090DUI_09" time="426.323" classname="com.dts.adminportal.dts.test.DTSUser090DUserInfo"/>
</testsuite> <!-- com.dts.adminportal.dts.test.DTSUser090DUserInfo -->
