<?xml version="1.0" encoding="UTF-8"?>
<!-- Generated by org.testng.reporters.JUnitReportReporter -->
<testsuite hostname="PC1490" name="com.dts.adminportal.dts.test.DTSHome020DDTSView" tests="8" failures="0" timestamp="18 Mar 2018 17:57:25 GMT" time="658.749" errors="0">
  <testcase name="TC020DPSV_07" time="162.450" classname="com.dts.adminportal.dts.test.DTSHome020DDTSView"/>
  <testcase name="TC020DV_06" time="63.207" classname="com.dts.adminportal.dts.test.DTSHome020DDTSView"/>
  <testcase name="TC020DV_10" time="190.128" classname="com.dts.adminportal.dts.test.DTSHome020DDTSView"/>
  <testcase name="TC020DPSV_05" time="118.245" classname="com.dts.adminportal.dts.test.DTSHome020DDTSView"/>
  <testcase name="TC020DPSV_01" time="34.036" classname="com.dts.adminportal.dts.test.DTSHome020DDTSView"/>
  <testcase name="TC020DV_11" time="32.694" classname="com.dts.adminportal.dts.test.DTSHome020DDTSView"/>
  <testcase name="TC020DV_07" time="24.515" classname="com.dts.adminportal.dts.test.DTSHome020DDTSView"/>
  <testcase name="TC020DV_01" time="33.474" classname="com.dts.adminportal.dts.test.DTSHome020DDTSView"/>
</testsuite> <!-- com.dts.adminportal.dts.test.DTSHome020DDTSView -->
