<?xml version="1.0" encoding="UTF-8"?>
<!-- Generated by org.testng.reporters.JUnitReportReporter -->
<testsuite hostname="PC1490" name="com.dts.adminportal.dts.test.DTSCompanies063DBrandInfo" tests="3" failures="0" timestamp="18 Mar 2018 17:57:26 GMT" time="258.652" errors="0">
  <testcase name="TC063DBI_06" time="82.369" classname="com.dts.adminportal.dts.test.DTSCompanies063DBrandInfo"/>
  <testcase name="TC063DBI_01" time="63.144" classname="com.dts.adminportal.dts.test.DTSCompanies063DBrandInfo"/>
  <testcase name="TC063DBI_10" time="113.139" classname="com.dts.adminportal.dts.test.DTSCompanies063DBrandInfo"/>
</testsuite> <!-- com.dts.adminportal.dts.test.DTSCompanies063DBrandInfo -->
