<?xml version="1.0" encoding="UTF-8"?>
<!-- Generated by org.testng.reporters.JUnitReportReporter -->
<testsuite hostname="PC1490" name="com.dts.adminportal.partner.test.PartnerSignIn000SignIn" tests="4" failures="0" timestamp="18 Mar 2018 17:57:24 GMT" time="147.346" errors="0">
  <testcase name="TC000SI_04" time="23.514" classname="com.dts.adminportal.partner.test.PartnerSignIn000SignIn"/>
  <testcase name="TC000SI_01" time="11.852" classname="com.dts.adminportal.partner.test.PartnerSignIn000SignIn"/>
  <testcase name="TC000SI_02" time="74.044" classname="com.dts.adminportal.partner.test.PartnerSignIn000SignIn"/>
  <testcase name="TC000SI_03" time="37.936" classname="com.dts.adminportal.partner.test.PartnerSignIn000SignIn"/>
</testsuite> <!-- com.dts.adminportal.partner.test.PartnerSignIn000SignIn -->
