<?xml version="1.0" encoding="UTF-8"?>
<!-- Generated by org.testng.reporters.JUnitReportReporter -->
<testsuite hostname="PC1490" name="com.dts.adminportal.dts.test.DTSUser080DUserList" tests="6" failures="0" timestamp="18 Mar 2018 17:57:26 GMT" time="1107.324" errors="0">
  <testcase name="TC080DUL_07" time="122.199" classname="com.dts.adminportal.dts.test.DTSUser080DUserList"/>
  <testcase name="TC080DUL_10" time="378.512" classname="com.dts.adminportal.dts.test.DTSUser080DUserList"/>
  <testcase name="TC080DUL_04" time="56.198" classname="com.dts.adminportal.dts.test.DTSUser080DUserList"/>
  <testcase name="TC080DUL_13" time="43.504" classname="com.dts.adminportal.dts.test.DTSUser080DUserList"/>
  <testcase name="TC080DUL_09" time="209.772" classname="com.dts.adminportal.dts.test.DTSUser080DUserList"/>
  <testcase name="TC080DUL_08" time="297.139" classname="com.dts.adminportal.dts.test.DTSUser080DUserList"/>
</testsuite> <!-- com.dts.adminportal.dts.test.DTSUser080DUserList -->
